<?xml version="1.0" encoding="UTF-8"?>
<!-- Generated by org.testng.reporters.JUnitXMLReporter -->
<testsuite hostname="harshits-MacBook-Air.local" failures="1" tests="4" name="Test" time="27.052" errors="0" timestamp="28 Mar 2021 10:30:23 GMT">
  <testcase classname="Eleve.LoginPage" name="loginPageNavigation" time="14.486"/>
  <testcase classname="Eleve.LoginPage" name="loginPageNavigation" time="4.153"/>
  <testcase classname="Eleve.LoginPage" name="loginPageNavigation" time="4.107"/>
  <testcase classname="Eleve.LoginPage" name="loginPageNavigation" time="4.265">
    <failure type="java.lang.AssertionError">
      <![CDATA[java.lang.AssertionError
	at org.junit.Assert.fail(Assert.java:86)
	at org.junit.Assert.assertTrue(Assert.java:41)
	at org.junit.Assert.assertFalse(Assert.java:64)
	at org.junit.Assert.assertFalse(Assert.java:74)
	at Eleve.LoginPage.loginPageNavigation(LoginPage.java:85)
... Removed 24 stack frames]]>
    </failure>
  </testcase> <!-- loginPageNavigation -->
</testsuite> <!-- Test -->
