<?xml version="1.0" encoding="UTF-8"?>
<!-- Generated by org.testng.reporters.JUnitXMLReporter -->
<testsuite hostname="harshits-Air" failures="2" tests="2" name="validating user login" time="4.83" errors="0" timestamp="14 Feb 2022 06:44:17 GMT">
  <testcase classname="encollab.LoginPage" name="loginPageTestCredentials" time="4.698">
    <failure type="org.openqa.selenium.SessionNotCreatedException" message="session not created: This version of ChromeDriver only supports Chrome version 91
Current browser version is 98.0.4758.80 with binary path /Applications/Google Chrome.app/Contents/MacOS/Google Chrome
Build info: version: &amp;apos;3.141.59&amp;apos;, revision: &amp;apos;e82be7d358&amp;apos;, time: &amp;apos;2018-11-14T08:17:03&amp;apos;
System info: host: &amp;apos;harshits-Air&amp;apos;, ip: &amp;apos;fe80:0:0:0:c6d:43c0:cbb2:6be%en0&amp;apos;, os.name: &amp;apos;Mac OS X&amp;apos;, os.arch: &amp;apos;x86_64&amp;apos;, os.version: &amp;apos;10.16&amp;apos;, java.version: &amp;apos;15.0.2&amp;apos;
Driver info: driver.version: ChromeDriver
remote stacktrace: 0   chromedriver                        0x0000000102a27029 chromedriver + 2740265
1   chromedriver                        0x00000001030dacd3 chromedriver + 9768147
2   chromedriver                        0x00000001027b6d58 chromedriver + 183640
3   chromedriver                        0x00000001027dc6d6 chromedriver + 337622
4   chromedriver                        0x00000001027d83c3 chromedriver + 320451
5   chromedriver                        0x00000001027d4a56 chromedriver + 305750
6   chromedriver                        0x000000010280ced0 chromedriver + 536272
7   chromedriver                        0x0000000102807d63 chromedriver + 515427
8   chromedriver                        0x00000001027de901 chromedriver + 346369
9   chromedriver                        0x00000001027dfb35 chromedriver + 351029
10  chromedriver                        0x00000001029eeb4c chromedriver + 2509644
11  chromedriver                        0x0000000102a01a81 chromedriver + 2587265
12  chromedriver                        0x00000001029d44f1 chromedriver + 2401521
13  chromedriver                        0x0000000102a02e4f chromedriver + 2592335
14  chromedriver                        0x00000001029e4aec chromedriver + 2468588
15  chromedriver                        0x0000000102a1c358 chromedriver + 2696024
16  chromedriver                        0x0000000102a1c4eb chromedriver + 2696427
17  chromedriver                        0x0000000102a2bf38 chromedriver + 2760504
18  libsystem_pthread.dylib             0x00007fff204968fc _pthread_start + 224
19  libsystem_pthread.dylib             0x00007fff20492443 thread_start + 15
">
      <![CDATA[org.openqa.selenium.SessionNotCreatedException: session not created: This version of ChromeDriver only supports Chrome version 91
Current browser version is 98.0.4758.80 with binary path /Applications/Google Chrome.app/Contents/MacOS/Google Chrome
Build info: version: '3.141.59', revision: 'e82be7d358', time: '2018-11-14T08:17:03'
System info: host: 'harshits-Air', ip: 'fe80:0:0:0:c6d:43c0:cbb2:6be%en0', os.name: 'Mac OS X', os.arch: 'x86_64', os.version: '10.16', java.version: '15.0.2'
Driver info: driver.version: ChromeDriver
remote stacktrace: 0   chromedriver                        0x0000000102a27029 chromedriver + 2740265
1   chromedriver                        0x00000001030dacd3 chromedriver + 9768147
2   chromedriver                        0x00000001027b6d58 chromedriver + 183640
3   chromedriver                        0x00000001027dc6d6 chromedriver + 337622
4   chromedriver                        0x00000001027d83c3 chromedriver + 320451
5   chromedriver                        0x00000001027d4a56 chromedriver + 305750
6   chromedriver                        0x000000010280ced0 chromedriver + 536272
7   chromedriver                        0x0000000102807d63 chromedriver + 515427
8   chromedriver                        0x00000001027de901 chromedriver + 346369
9   chromedriver                        0x00000001027dfb35 chromedriver + 351029
10  chromedriver                        0x00000001029eeb4c chromedriver + 2509644
11  chromedriver                        0x0000000102a01a81 chromedriver + 2587265
12  chromedriver                        0x00000001029d44f1 chromedriver + 2401521
13  chromedriver                        0x0000000102a02e4f chromedriver + 2592335
14  chromedriver                        0x00000001029e4aec chromedriver + 2468588
15  chromedriver                        0x0000000102a1c358 chromedriver + 2696024
16  chromedriver                        0x0000000102a1c4eb chromedriver + 2696427
17  chromedriver                        0x0000000102a2bf38 chromedriver + 2760504
18  libsystem_pthread.dylib             0x00007fff204968fc _pthread_start + 224
19  libsystem_pthread.dylib             0x00007fff20492443 thread_start + 15

	at org.openqa.selenium.remote.W3CHandshakeResponse.lambda$errorHandler$0(W3CHandshakeResponse.java:62)
	at org.openqa.selenium.remote.HandshakeResponse.lambda$getResponseFunction$0(HandshakeResponse.java:30)
	at org.openqa.selenium.remote.ProtocolHandshake.lambda$createSession$0(ProtocolHandshake.java:126)
	at java.base/java.util.stream.ReferencePipeline$3$1.accept(ReferencePipeline.java:195)
	at java.base/java.util.Spliterators$ArraySpliterator.tryAdvance(Spliterators.java:958)
	at java.base/java.util.stream.ReferencePipeline.forEachWithCancel(ReferencePipeline.java:127)
	at java.base/java.util.stream.AbstractPipeline.copyIntoWithCancel(AbstractPipeline.java:502)
	at java.base/java.util.stream.AbstractPipeline.copyInto(AbstractPipeline.java:488)
	at java.base/java.util.stream.AbstractPipeline.wrapAndCopyInto(AbstractPipeline.java:474)
	at java.base/java.util.stream.FindOps$FindOp.evaluateSequential(FindOps.java:150)
	at java.base/java.util.stream.AbstractPipeline.evaluate(AbstractPipeline.java:234)
	at java.base/java.util.stream.ReferencePipeline.findFirst(ReferencePipeline.java:543)
	at org.openqa.selenium.remote.ProtocolHandshake.createSession(ProtocolHandshake.java:128)
	at org.openqa.selenium.remote.ProtocolHandshake.createSession(ProtocolHandshake.java:74)
	at org.openqa.selenium.remote.HttpCommandExecutor.execute(HttpCommandExecutor.java:136)
	at org.openqa.selenium.remote.service.DriverCommandExecutor.execute(DriverCommandExecutor.java:83)
	at org.openqa.selenium.remote.RemoteWebDriver.execute(RemoteWebDriver.java:552)
	at org.openqa.selenium.remote.RemoteWebDriver.startSession(RemoteWebDriver.java:213)
	at org.openqa.selenium.remote.RemoteWebDriver.<init>(RemoteWebDriver.java:131)
	at org.openqa.selenium.chrome.ChromeDriver.<init>(ChromeDriver.java:181)
	at org.openqa.selenium.chrome.ChromeDriver.<init>(ChromeDriver.java:168)
	at org.openqa.selenium.chrome.ChromeDriver.<init>(ChromeDriver.java:123)
	at Resources.base.initializeDriver(base.java:81)
	at encollab.LoginPage.loginPageTestCredentials(LoginPage.java:49)
... Removed 29 stack frames]]>
    </failure>
  </testcase> <!-- loginPageTestCredentials -->
  <testcase classname="encollab.LoginPage" name="loginPageTestCredentials" time="4.796">
    <failure type="java.lang.NullPointerException" message="Cannot invoke &amp;quot;org.openqa.selenium.TakesScreenshot.getScreenshotAs(org.openqa.selenium.OutputType)&amp;quot; because &amp;quot;ts&amp;quot; is null">
      <![CDATA[java.lang.NullPointerException: Cannot invoke "org.openqa.selenium.TakesScreenshot.getScreenshotAs(org.openqa.selenium.OutputType)" because "ts" is null
	at Resources.base.getTakeScreenShotPath(base.java:134)
	at encollab.Listeners.onTestFailure(Listeners.java:51)
... Removed 21 stack frames]]>
    </failure>
  </testcase> <!-- loginPageTestCredentials -->
</testsuite> <!-- validating user login -->
