<?xml version="1.0" encoding="UTF-8"?>
<!-- Generated by org.testng.reporters.JUnitXMLReporter -->
<testsuite hostname="harshits-MacBook-Air.local" failures="1" tests="4" name="validating user login" time="33.761" errors="0" timestamp="30 Mar 2021 13:08:38 GMT">
  <testcase classname="Eleve.LoginPage" name="loginPageNavigation" time="15.924"/>
  <testcase classname="Eleve.LoginPage" name="loginPageNavigation" time="4.546"/>
  <testcase classname="Eleve.LoginPage" name="loginPageNavigation" time="4.622"/>
  <testcase classname="Eleve.LoginPage" name="loginPageNavigation" time="8.099">
    <failure type="org.openqa.selenium.TimeoutException" message="Expected condition failed: waiting for url to match the regex &amp;quot;https://dev-admin.eleveglobal.com/discover/list&amp;quot;. Current url: &amp;quot;https://dev-admin.eleveglobal.com/&amp;quot; (tried for 3 second(s) with 500 milliseconds interval)
Build info: version: &amp;apos;3.141.59&amp;apos;, revision: &amp;apos;e82be7d358&amp;apos;, time: &amp;apos;2018-11-14T08:17:03&amp;apos;
System info: host: &amp;apos;harshits-MacBook-Air.local&amp;apos;, ip: &amp;apos;fe80:0:0:0:48c:bab8:b602:78d6%en0&amp;apos;, os.name: &amp;apos;Mac OS X&amp;apos;, os.arch: &amp;apos;x86_64&amp;apos;, os.version: &amp;apos;10.16&amp;apos;, java.version: &amp;apos;11.0.10&amp;apos;
Driver info: org.openqa.selenium.chrome.ChromeDriver
Capabilities {acceptInsecureCerts: false, browserName: chrome, browserVersion: 89.0.4389.90, chrome: {chromedriverVersion: 89.0.4389.23 (61b08ee2c5002..., userDataDir: /var/folders/mf/5d0879117zv...}, goog:chromeOptions: {debuggerAddress: localhost:62615}, javascriptEnabled: true, networkConnectionEnabled: false, pageLoadStrategy: normal, platform: MAC, platformName: MAC, proxy: Proxy(), setWindowRect: true, strictFileInteractability: false, timeouts: {implicit: 0, pageLoad: 300000, script: 30000}, unhandledPromptBehavior: dismiss and notify, webauthn:extension:largeBlob: true, webauthn:virtualAuthenticators: true}
Session ID: dae2c501a8292f7b31e62e1051574931">
      <![CDATA[org.openqa.selenium.TimeoutException: Expected condition failed: waiting for url to match the regex "https://dev-admin.eleveglobal.com/discover/list". Current url: "https://dev-admin.eleveglobal.com/" (tried for 3 second(s) with 500 milliseconds interval)
Build info: version: '3.141.59', revision: 'e82be7d358', time: '2018-11-14T08:17:03'
System info: host: 'harshits-MacBook-Air.local', ip: 'fe80:0:0:0:48c:bab8:b602:78d6%en0', os.name: 'Mac OS X', os.arch: 'x86_64', os.version: '10.16', java.version: '11.0.10'
Driver info: org.openqa.selenium.chrome.ChromeDriver
Capabilities {acceptInsecureCerts: false, browserName: chrome, browserVersion: 89.0.4389.90, chrome: {chromedriverVersion: 89.0.4389.23 (61b08ee2c5002..., userDataDir: /var/folders/mf/5d0879117zv...}, goog:chromeOptions: {debuggerAddress: localhost:62615}, javascriptEnabled: true, networkConnectionEnabled: false, pageLoadStrategy: normal, platform: MAC, platformName: MAC, proxy: Proxy(), setWindowRect: true, strictFileInteractability: false, timeouts: {implicit: 0, pageLoad: 300000, script: 30000}, unhandledPromptBehavior: dismiss and notify, webauthn:extension:largeBlob: true, webauthn:virtualAuthenticators: true}
Session ID: dae2c501a8292f7b31e62e1051574931
	at org.openqa.selenium.support.ui.WebDriverWait.timeoutException(WebDriverWait.java:95)
	at org.openqa.selenium.support.ui.FluentWait.until(FluentWait.java:272)
	at Eleve.LoginPage.loginPageNavigation(LoginPage.java:96)
	at org.apache.maven.surefire.testng.TestNGExecutor.run(TestNGExecutor.java:284)
	at org.apache.maven.surefire.testng.TestNGXmlTestSuite.execute(TestNGXmlTestSuite.java:75)
	at org.apache.maven.surefire.testng.TestNGProvider.invoke(TestNGProvider.java:119)
	at org.apache.maven.surefire.booter.ForkedBooter.runSuitesInProcess(ForkedBooter.java:428)
	at org.apache.maven.surefire.booter.ForkedBooter.execute(ForkedBooter.java:162)
	at org.apache.maven.surefire.booter.ForkedBooter.run(ForkedBooter.java:562)
	at org.apache.maven.surefire.booter.ForkedBooter.main(ForkedBooter.java:548)
... Removed 21 stack frames]]>
    </failure>
  </testcase> <!-- loginPageNavigation -->
</testsuite> <!-- validating user login -->
