<?xml version="1.0" encoding="UTF-8"?>
<!-- Generated by org.testng.reporters.JUnitReportReporter -->
<testsuite hostname="harshits-Air" failures="2" tests="2" name="encollab.CreateConnectHubPost" time="0.004" errors="0" timestamp="14 Feb 2022 06:27:32 GMT">
  <testcase classname="encollab.CreateConnectHubPost" name="CreateConnectPostwithYoutubeLink" time="0.001">
    <failure message="session not created: This version of ChromeDriver only supports Chrome version 91
Current browser version is 98.0.4758.80 with binary path /Applications/Google Chrome.app/Contents/MacOS/Google Chrome
Build info: version: &#039;3.141.59&#039;, revision: &#039;e82be7d358&#039;, time: &#039;2018-11-14T08:17:03&#039;
System info: host: &#039;harshits-Air&#039;, ip: &#039;fe80:0:0:0:c6d:43c0:cbb2:6be%en0&#039;, os.name: &#039;Mac OS X&#039;, os.arch: &#039;x86_64&#039;, os.version: &#039;10.16&#039;, java.version: &#039;15.0.2&#039;
Driver info: driver.version: ChromeDriver
remote stacktrace: 0   chromedriver                        0x000000010668e029 chromedriver + 2740265
1   chromedriver                        0x0000000106d41cd3 chromedriver + 9768147
2   chromedriver                        0x000000010641dd58 chromedriver + 183640
3   chromedriver                        0x00000001064436d6 chromedriver + 337622
4   chromedriver                        0x000000010643f3c3 chromedriver + 320451
5   chromedriver                        0x000000010643ba56 chromedriver + 305750
6   chromedriver                        0x0000000106473ed0 chromedriver + 536272
7   chromedriver                        0x000000010646ed63 chromedriver + 515427
8   chromedriver                        0x0000000106445901 chromedriver + 346369
9   chromedriver                        0x0000000106446b35 chromedriver + 351029
10  chromedriver                        0x0000000106655b4c chromedriver + 2509644
11  chromedriver                        0x0000000106668a81 chromedriver + 2587265
12  chromedriver                        0x000000010663b4f1 chromedriver + 2401521
13  chromedriver                        0x0000000106669e4f chromedriver + 2592335
14  chromedriver                        0x000000010664baec chromedriver + 2468588
15  chromedriver                        0x0000000106683358 chromedriver + 2696024
16  chromedriver                        0x00000001066834eb chromedriver + 2696427
17  chromedriver                        0x0000000106692f38 chromedriver + 2760504
18  libsystem_pthread.dylib             0x00007fff204968fc _pthread_start + 224
19  libsystem_pthread.dylib             0x00007fff20492443 thread_start + 15
" type="org.openqa.selenium.SessionNotCreatedException">
      <![CDATA[org.openqa.selenium.SessionNotCreatedException: session not created: This version of ChromeDriver only supports Chrome version 91
Current browser version is 98.0.4758.80 with binary path /Applications/Google Chrome.app/Contents/MacOS/Google Chrome
Build info: version: '3.141.59', revision: 'e82be7d358', time: '2018-11-14T08:17:03'
System info: host: 'harshits-Air', ip: 'fe80:0:0:0:c6d:43c0:cbb2:6be%en0', os.name: 'Mac OS X', os.arch: 'x86_64', os.version: '10.16', java.version: '15.0.2'
Driver info: driver.version: ChromeDriver
remote stacktrace: 0   chromedriver                        0x000000010668e029 chromedriver + 2740265
1   chromedriver                        0x0000000106d41cd3 chromedriver + 9768147
2   chromedriver                        0x000000010641dd58 chromedriver + 183640
3   chromedriver                        0x00000001064436d6 chromedriver + 337622
4   chromedriver                        0x000000010643f3c3 chromedriver + 320451
5   chromedriver                        0x000000010643ba56 chromedriver + 305750
6   chromedriver                        0x0000000106473ed0 chromedriver + 536272
7   chromedriver                        0x000000010646ed63 chromedriver + 515427
8   chromedriver                        0x0000000106445901 chromedriver + 346369
9   chromedriver                        0x0000000106446b35 chromedriver + 351029
10  chromedriver                        0x0000000106655b4c chromedriver + 2509644
11  chromedriver                        0x0000000106668a81 chromedriver + 2587265
12  chromedriver                        0x000000010663b4f1 chromedriver + 2401521
13  chromedriver                        0x0000000106669e4f chromedriver + 2592335
14  chromedriver                        0x000000010664baec chromedriver + 2468588
15  chromedriver                        0x0000000106683358 chromedriver + 2696024
16  chromedriver                        0x00000001066834eb chromedriver + 2696427
17  chromedriver                        0x0000000106692f38 chromedriver + 2760504
18  libsystem_pthread.dylib             0x00007fff204968fc _pthread_start + 224
19  libsystem_pthread.dylib             0x00007fff20492443 thread_start + 15

	at java.base/jdk.internal.reflect.NativeConstructorAccessorImpl.newInstance0(Native Method)
	at java.base/jdk.internal.reflect.NativeConstructorAccessorImpl.newInstance(NativeConstructorAccessorImpl.java:64)
	at java.base/jdk.internal.reflect.DelegatingConstructorAccessorImpl.newInstance(DelegatingConstructorAccessorImpl.java:45)
	at java.base/java.lang.reflect.Constructor.newInstanceWithCaller(Constructor.java:500)
	at java.base/java.lang.reflect.Constructor.newInstance(Constructor.java:481)
	at org.openqa.selenium.remote.W3CHandshakeResponse.lambda$errorHandler$0(W3CHandshakeResponse.java:62)
	at org.openqa.selenium.remote.HandshakeResponse.lambda$getResponseFunction$0(HandshakeResponse.java:30)
	at org.openqa.selenium.remote.ProtocolHandshake.lambda$createSession$0(ProtocolHandshake.java:126)
	at java.base/java.util.stream.ReferencePipeline$3$1.accept(ReferencePipeline.java:195)
	at java.base/java.util.Spliterators$ArraySpliterator.tryAdvance(Spliterators.java:958)
	at java.base/java.util.stream.ReferencePipeline.forEachWithCancel(ReferencePipeline.java:127)
	at java.base/java.util.stream.AbstractPipeline.copyIntoWithCancel(AbstractPipeline.java:502)
	at java.base/java.util.stream.AbstractPipeline.copyInto(AbstractPipeline.java:488)
	at java.base/java.util.stream.AbstractPipeline.wrapAndCopyInto(AbstractPipeline.java:474)
	at java.base/java.util.stream.FindOps$FindOp.evaluateSequential(FindOps.java:150)
	at java.base/java.util.stream.AbstractPipeline.evaluate(AbstractPipeline.java:234)
	at java.base/java.util.stream.ReferencePipeline.findFirst(ReferencePipeline.java:543)
	at org.openqa.selenium.remote.ProtocolHandshake.createSession(ProtocolHandshake.java:128)
	at org.openqa.selenium.remote.ProtocolHandshake.createSession(ProtocolHandshake.java:74)
	at org.openqa.selenium.remote.HttpCommandExecutor.execute(HttpCommandExecutor.java:136)
	at org.openqa.selenium.remote.service.DriverCommandExecutor.execute(DriverCommandExecutor.java:83)
	at org.openqa.selenium.remote.RemoteWebDriver.execute(RemoteWebDriver.java:552)
	at org.openqa.selenium.remote.RemoteWebDriver.startSession(RemoteWebDriver.java:213)
	at org.openqa.selenium.remote.RemoteWebDriver.<init>(RemoteWebDriver.java:131)
	at org.openqa.selenium.chrome.ChromeDriver.<init>(ChromeDriver.java:181)
	at org.openqa.selenium.chrome.ChromeDriver.<init>(ChromeDriver.java:168)
	at org.openqa.selenium.chrome.ChromeDriver.<init>(ChromeDriver.java:123)
	at Resources.base.initializeDriver(base.java:81)
	at encollab.AdminApprovePost.openBrowser(AdminApprovePost.java:51)
	at java.base/jdk.internal.reflect.NativeMethodAccessorImpl.invoke0(Native Method)
	at java.base/jdk.internal.reflect.NativeMethodAccessorImpl.invoke(NativeMethodAccessorImpl.java:64)
	at java.base/jdk.internal.reflect.DelegatingMethodAccessorImpl.invoke(DelegatingMethodAccessorImpl.java:43)
	at java.base/java.lang.reflect.Method.invoke(Method.java:564)
	at org.testng.internal.MethodInvocationHelper.invokeMethod(MethodInvocationHelper.java:80)
	at org.testng.internal.Invoker.invokeConfigurationMethod(Invoker.java:564)
	at org.testng.internal.Invoker.invokeConfigurations(Invoker.java:213)
	at org.testng.internal.Invoker.invokeConfigurations(Invoker.java:138)
	at org.testng.TestRunner.beforeRun(TestRunner.java:641)
	at org.testng.TestRunner.run(TestRunner.java:609)
	at org.testng.SuiteRunner.runTest(SuiteRunner.java:334)
	at org.testng.SuiteRunner.runSequentially(SuiteRunner.java:329)
	at org.testng.SuiteRunner.privateRun(SuiteRunner.java:291)
	at org.testng.SuiteRunner.run(SuiteRunner.java:240)
	at org.testng.SuiteRunnerWorker.runSuite(SuiteRunnerWorker.java:52)
	at org.testng.SuiteRunnerWorker.run(SuiteRunnerWorker.java:86)
	at org.testng.TestNG.runSuitesSequentially(TestNG.java:1198)
	at org.testng.TestNG.runSuitesLocally(TestNG.java:1123)
	at org.testng.TestNG.run(TestNG.java:1031)
	at org.testng.remote.AbstractRemoteTestNG.run(AbstractRemoteTestNG.java:115)
	at org.testng.remote.RemoteTestNG.initAndRun(RemoteTestNG.java:251)
	at org.testng.remote.RemoteTestNG.main(RemoteTestNG.java:77)
]]>
    </failure>
  </testcase> <!-- CreateConnectPostwithYoutubeLink -->
  <testcase classname="encollab.CreateConnectHubPost" name="CreateConnectHubDraft" time="0.003">
    <failure message="session not created: This version of ChromeDriver only supports Chrome version 91
Current browser version is 98.0.4758.80 with binary path /Applications/Google Chrome.app/Contents/MacOS/Google Chrome
Build info: version: &#039;3.141.59&#039;, revision: &#039;e82be7d358&#039;, time: &#039;2018-11-14T08:17:03&#039;
System info: host: &#039;harshits-Air&#039;, ip: &#039;fe80:0:0:0:c6d:43c0:cbb2:6be%en0&#039;, os.name: &#039;Mac OS X&#039;, os.arch: &#039;x86_64&#039;, os.version: &#039;10.16&#039;, java.version: &#039;15.0.2&#039;
Driver info: driver.version: ChromeDriver
remote stacktrace: 0   chromedriver                        0x000000010668e029 chromedriver + 2740265
1   chromedriver                        0x0000000106d41cd3 chromedriver + 9768147
2   chromedriver                        0x000000010641dd58 chromedriver + 183640
3   chromedriver                        0x00000001064436d6 chromedriver + 337622
4   chromedriver                        0x000000010643f3c3 chromedriver + 320451
5   chromedriver                        0x000000010643ba56 chromedriver + 305750
6   chromedriver                        0x0000000106473ed0 chromedriver + 536272
7   chromedriver                        0x000000010646ed63 chromedriver + 515427
8   chromedriver                        0x0000000106445901 chromedriver + 346369
9   chromedriver                        0x0000000106446b35 chromedriver + 351029
10  chromedriver                        0x0000000106655b4c chromedriver + 2509644
11  chromedriver                        0x0000000106668a81 chromedriver + 2587265
12  chromedriver                        0x000000010663b4f1 chromedriver + 2401521
13  chromedriver                        0x0000000106669e4f chromedriver + 2592335
14  chromedriver                        0x000000010664baec chromedriver + 2468588
15  chromedriver                        0x0000000106683358 chromedriver + 2696024
16  chromedriver                        0x00000001066834eb chromedriver + 2696427
17  chromedriver                        0x0000000106692f38 chromedriver + 2760504
18  libsystem_pthread.dylib             0x00007fff204968fc _pthread_start + 224
19  libsystem_pthread.dylib             0x00007fff20492443 thread_start + 15
" type="org.openqa.selenium.SessionNotCreatedException">
      <![CDATA[org.openqa.selenium.SessionNotCreatedException: session not created: This version of ChromeDriver only supports Chrome version 91
Current browser version is 98.0.4758.80 with binary path /Applications/Google Chrome.app/Contents/MacOS/Google Chrome
Build info: version: '3.141.59', revision: 'e82be7d358', time: '2018-11-14T08:17:03'
System info: host: 'harshits-Air', ip: 'fe80:0:0:0:c6d:43c0:cbb2:6be%en0', os.name: 'Mac OS X', os.arch: 'x86_64', os.version: '10.16', java.version: '15.0.2'
Driver info: driver.version: ChromeDriver
remote stacktrace: 0   chromedriver                        0x000000010668e029 chromedriver + 2740265
1   chromedriver                        0x0000000106d41cd3 chromedriver + 9768147
2   chromedriver                        0x000000010641dd58 chromedriver + 183640
3   chromedriver                        0x00000001064436d6 chromedriver + 337622
4   chromedriver                        0x000000010643f3c3 chromedriver + 320451
5   chromedriver                        0x000000010643ba56 chromedriver + 305750
6   chromedriver                        0x0000000106473ed0 chromedriver + 536272
7   chromedriver                        0x000000010646ed63 chromedriver + 515427
8   chromedriver                        0x0000000106445901 chromedriver + 346369
9   chromedriver                        0x0000000106446b35 chromedriver + 351029
10  chromedriver                        0x0000000106655b4c chromedriver + 2509644
11  chromedriver                        0x0000000106668a81 chromedriver + 2587265
12  chromedriver                        0x000000010663b4f1 chromedriver + 2401521
13  chromedriver                        0x0000000106669e4f chromedriver + 2592335
14  chromedriver                        0x000000010664baec chromedriver + 2468588
15  chromedriver                        0x0000000106683358 chromedriver + 2696024
16  chromedriver                        0x00000001066834eb chromedriver + 2696427
17  chromedriver                        0x0000000106692f38 chromedriver + 2760504
18  libsystem_pthread.dylib             0x00007fff204968fc _pthread_start + 224
19  libsystem_pthread.dylib             0x00007fff20492443 thread_start + 15

	at java.base/jdk.internal.reflect.NativeConstructorAccessorImpl.newInstance0(Native Method)
	at java.base/jdk.internal.reflect.NativeConstructorAccessorImpl.newInstance(NativeConstructorAccessorImpl.java:64)
	at java.base/jdk.internal.reflect.DelegatingConstructorAccessorImpl.newInstance(DelegatingConstructorAccessorImpl.java:45)
	at java.base/java.lang.reflect.Constructor.newInstanceWithCaller(Constructor.java:500)
	at java.base/java.lang.reflect.Constructor.newInstance(Constructor.java:481)
	at org.openqa.selenium.remote.W3CHandshakeResponse.lambda$errorHandler$0(W3CHandshakeResponse.java:62)
	at org.openqa.selenium.remote.HandshakeResponse.lambda$getResponseFunction$0(HandshakeResponse.java:30)
	at org.openqa.selenium.remote.ProtocolHandshake.lambda$createSession$0(ProtocolHandshake.java:126)
	at java.base/java.util.stream.ReferencePipeline$3$1.accept(ReferencePipeline.java:195)
	at java.base/java.util.Spliterators$ArraySpliterator.tryAdvance(Spliterators.java:958)
	at java.base/java.util.stream.ReferencePipeline.forEachWithCancel(ReferencePipeline.java:127)
	at java.base/java.util.stream.AbstractPipeline.copyIntoWithCancel(AbstractPipeline.java:502)
	at java.base/java.util.stream.AbstractPipeline.copyInto(AbstractPipeline.java:488)
	at java.base/java.util.stream.AbstractPipeline.wrapAndCopyInto(AbstractPipeline.java:474)
	at java.base/java.util.stream.FindOps$FindOp.evaluateSequential(FindOps.java:150)
	at java.base/java.util.stream.AbstractPipeline.evaluate(AbstractPipeline.java:234)
	at java.base/java.util.stream.ReferencePipeline.findFirst(ReferencePipeline.java:543)
	at org.openqa.selenium.remote.ProtocolHandshake.createSession(ProtocolHandshake.java:128)
	at org.openqa.selenium.remote.ProtocolHandshake.createSession(ProtocolHandshake.java:74)
	at org.openqa.selenium.remote.HttpCommandExecutor.execute(HttpCommandExecutor.java:136)
	at org.openqa.selenium.remote.service.DriverCommandExecutor.execute(DriverCommandExecutor.java:83)
	at org.openqa.selenium.remote.RemoteWebDriver.execute(RemoteWebDriver.java:552)
	at org.openqa.selenium.remote.RemoteWebDriver.startSession(RemoteWebDriver.java:213)
	at org.openqa.selenium.remote.RemoteWebDriver.<init>(RemoteWebDriver.java:131)
	at org.openqa.selenium.chrome.ChromeDriver.<init>(ChromeDriver.java:181)
	at org.openqa.selenium.chrome.ChromeDriver.<init>(ChromeDriver.java:168)
	at org.openqa.selenium.chrome.ChromeDriver.<init>(ChromeDriver.java:123)
	at Resources.base.initializeDriver(base.java:81)
	at encollab.AdminApprovePost.openBrowser(AdminApprovePost.java:51)
	at java.base/jdk.internal.reflect.NativeMethodAccessorImpl.invoke0(Native Method)
	at java.base/jdk.internal.reflect.NativeMethodAccessorImpl.invoke(NativeMethodAccessorImpl.java:64)
	at java.base/jdk.internal.reflect.DelegatingMethodAccessorImpl.invoke(DelegatingMethodAccessorImpl.java:43)
	at java.base/java.lang.reflect.Method.invoke(Method.java:564)
	at org.testng.internal.MethodInvocationHelper.invokeMethod(MethodInvocationHelper.java:80)
	at org.testng.internal.Invoker.invokeConfigurationMethod(Invoker.java:564)
	at org.testng.internal.Invoker.invokeConfigurations(Invoker.java:213)
	at org.testng.internal.Invoker.invokeConfigurations(Invoker.java:138)
	at org.testng.TestRunner.beforeRun(TestRunner.java:641)
	at org.testng.TestRunner.run(TestRunner.java:609)
	at org.testng.SuiteRunner.runTest(SuiteRunner.java:334)
	at org.testng.SuiteRunner.runSequentially(SuiteRunner.java:329)
	at org.testng.SuiteRunner.privateRun(SuiteRunner.java:291)
	at org.testng.SuiteRunner.run(SuiteRunner.java:240)
	at org.testng.SuiteRunnerWorker.runSuite(SuiteRunnerWorker.java:52)
	at org.testng.SuiteRunnerWorker.run(SuiteRunnerWorker.java:86)
	at org.testng.TestNG.runSuitesSequentially(TestNG.java:1198)
	at org.testng.TestNG.runSuitesLocally(TestNG.java:1123)
	at org.testng.TestNG.run(TestNG.java:1031)
	at org.testng.remote.AbstractRemoteTestNG.run(AbstractRemoteTestNG.java:115)
	at org.testng.remote.RemoteTestNG.initAndRun(RemoteTestNG.java:251)
	at org.testng.remote.RemoteTestNG.main(RemoteTestNG.java:77)
]]>
    </failure>
  </testcase> <!-- CreateConnectHubDraft -->
</testsuite> <!-- encollab.CreateConnectHubPost -->
